kotlin version: 2.0.20
error message: org.jetbrains.kotlin.backend.common.BackendException: Backend Internal error: Exception during IR lowering
File being compiled: /Users/jldumas/Jo/Hiberus/Repos/mobile-jarvis-android/core/navigation/src/main/java/com/jarvis/core/navigation/ResultSharing.kt
The root cause java.lang.RuntimeException was thrown at: org.jetbrains.kotlin.backend.jvm.codegen.FunctionCodegen.generate(FunctionCodegen.kt:47)
	at org.jetbrains.kotlin.backend.common.CodegenUtil.reportBackendException(CodegenUtil.kt:253)
	at org.jetbrains.kotlin.backend.common.CodegenUtil.reportBackendException$default(CodegenUtil.kt:236)
	at org.jetbrains.kotlin.backend.common.phaser.PerformByIrFilePhase.invokeSequential(performByIrFile.kt:65)
	at org.jetbrains.kotlin.backend.common.phaser.PerformByIrFilePhase.invoke(performByIrFile.kt:52)
	at org.jetbrains.kotlin.backend.common.phaser.PerformByIrFilePhase.invoke(performByIrFile.kt:38)
	at org.jetbrains.kotlin.backend.common.phaser.NamedCompilerPhase.phaseBody(CompilerPhase.kt:166)
	at org.jetbrains.kotlin.backend.common.phaser.AbstractNamedCompilerPhase.invoke(CompilerPhase.kt:113)
	at org.jetbrains.kotlin.backend.common.phaser.CompositePhase.invoke(PhaseBuilders.kt:27)
	at org.jetbrains.kotlin.backend.common.phaser.CompositePhase.invoke(PhaseBuilders.kt:14)
	at org.jetbrains.kotlin.backend.common.phaser.NamedCompilerPhase.phaseBody(CompilerPhase.kt:166)
	at org.jetbrains.kotlin.backend.common.phaser.AbstractNamedCompilerPhase.invoke(CompilerPhase.kt:113)
	at org.jetbrains.kotlin.backend.common.phaser.CompilerPhaseKt.invokeToplevel(CompilerPhase.kt:62)
	at org.jetbrains.kotlin.backend.jvm.JvmIrCodegenFactory.invokeCodegen(JvmIrCodegenFactory.kt:371)
	at org.jetbrains.kotlin.codegen.CodegenFactory.generateModule(CodegenFactory.kt:47)
	at org.jetbrains.kotlin.backend.jvm.JvmIrCodegenFactory.generateModuleInFrontendIRMode(JvmIrCodegenFactory.kt:433)
	at org.jetbrains.kotlin.cli.jvm.compiler.pipeline.JvmCompilerPipelineKt.generateCodeFromIr(jvmCompilerPipeline.kt:246)
	at org.jetbrains.kotlin.cli.jvm.compiler.pipeline.JvmCompilerPipelineKt.compileModulesUsingFrontendIrAndLightTree(jvmCompilerPipeline.kt:142)
	at org.jetbrains.kotlin.cli.jvm.K2JVMCompiler.doExecute(K2JVMCompiler.kt:148)
	at org.jetbrains.kotlin.cli.jvm.K2JVMCompiler.doExecute(K2JVMCompiler.kt:43)
	at org.jetbrains.kotlin.cli.common.CLICompiler.execImpl(CLICompiler.kt:103)
	at org.jetbrains.kotlin.cli.common.CLICompiler.execImpl(CLICompiler.kt:49)
	at org.jetbrains.kotlin.cli.common.CLITool.exec(CLITool.kt:101)
	at org.jetbrains.kotlin.incremental.IncrementalJvmCompilerRunner.runCompiler(IncrementalJvmCompilerRunner.kt:464)
	at org.jetbrains.kotlin.incremental.IncrementalJvmCompilerRunner.runCompiler(IncrementalJvmCompilerRunner.kt:73)
	at org.jetbrains.kotlin.incremental.IncrementalCompilerRunner.doCompile(IncrementalCompilerRunner.kt:506)
	at org.jetbrains.kotlin.incremental.IncrementalCompilerRunner.compileImpl(IncrementalCompilerRunner.kt:423)
	at org.jetbrains.kotlin.incremental.IncrementalCompilerRunner.compileNonIncrementally(IncrementalCompilerRunner.kt:301)
	at org.jetbrains.kotlin.incremental.IncrementalCompilerRunner.compile(IncrementalCompilerRunner.kt:129)
	at org.jetbrains.kotlin.daemon.CompileServiceImplBase.execIncrementalCompiler(CompileServiceImpl.kt:675)
	at org.jetbrains.kotlin.daemon.CompileServiceImplBase.access$execIncrementalCompiler(CompileServiceImpl.kt:92)
	at org.jetbrains.kotlin.daemon.CompileServiceImpl.compile(CompileServiceImpl.kt:1660)
	at java.base/jdk.internal.reflect.NativeMethodAccessorImpl.invoke0(Native Method)
	at java.base/jdk.internal.reflect.NativeMethodAccessorImpl.invoke(Unknown Source)
	at java.base/jdk.internal.reflect.DelegatingMethodAccessorImpl.invoke(Unknown Source)
	at java.base/java.lang.reflect.Method.invoke(Unknown Source)
	at java.rmi/sun.rmi.server.UnicastServerRef.dispatch(Unknown Source)
	at java.rmi/sun.rmi.transport.Transport$1.run(Unknown Source)
	at java.rmi/sun.rmi.transport.Transport$1.run(Unknown Source)
	at java.base/java.security.AccessController.doPrivileged(Unknown Source)
	at java.rmi/sun.rmi.transport.Transport.serviceCall(Unknown Source)
	at java.rmi/sun.rmi.transport.tcp.TCPTransport.handleMessages(Unknown Source)
	at java.rmi/sun.rmi.transport.tcp.TCPTransport$ConnectionHandler.run0(Unknown Source)
	at java.rmi/sun.rmi.transport.tcp.TCPTransport$ConnectionHandler.lambda$run$0(Unknown Source)
	at java.base/java.security.AccessController.doPrivileged(Unknown Source)
	at java.rmi/sun.rmi.transport.tcp.TCPTransport$ConnectionHandler.run(Unknown Source)
	at java.base/java.util.concurrent.ThreadPoolExecutor.runWorker(Unknown Source)
	at java.base/java.util.concurrent.ThreadPoolExecutor$Worker.run(Unknown Source)
	at java.base/java.lang.Thread.run(Unknown Source)
Caused by: java.lang.RuntimeException: Exception while generating code for:
FUN name:ComposableResultEffect visibility:public modality:FINAL <R> (navController:androidx.navigation.NavController, block:kotlin.Function1<R of com.jarvis.core.navigation.ResultSharingKt.ComposableResultEffect, kotlin.Unit>) returnType:kotlin.Unit [inline]
  annotations:
    ExperimentalSerializationApi
    Composable
  TYPE_PARAMETER name:R index:0 variance: superTypes:[kotlin.Any] reified:true
  VALUE_PARAMETER name:navController index:0 type:androidx.navigation.NavController
  VALUE_PARAMETER name:block index:1 type:kotlin.Function1<R of com.jarvis.core.navigation.ResultSharingKt.ComposableResultEffect, kotlin.Unit> [noinline]
  BLOCK_BODY
    VAR name:$i$f$ComposableResultEffect type:kotlin.Int [val]
      CONST Int type=kotlin.Int value=0
    VAR name:currentDestinationState type:androidx.compose.runtime.MutableState<androidx.navigation.NavDestination?> [val]
      CALL 'public final fun remember <T> (key1: kotlin.Any?, calculation: @[DisallowComposableCalls] kotlin.Function0<T of androidx.compose.runtime.ComposablesKt.remember>): T of androidx.compose.runtime.ComposablesKt.remember [inline] declared in androidx.compose.runtime.ComposablesKt' type=androidx.compose.runtime.MutableState<androidx.navigation.NavDestination?> origin=null
        <T>: androidx.compose.runtime.MutableState<androidx.navigation.NavDestination?>
        key1: GET_VAR 'navController: androidx.navigation.NavController declared in com.jarvis.core.navigation.ResultSharingKt.ComposableResultEffect' type=androidx.navigation.NavController origin=null
        calculation: BLOCK type=kotlin.Function0<androidx.compose.runtime.MutableState<androidx.navigation.NavDestination?>> origin=LAMBDA
          COMPOSITE type=kotlin.Unit origin=null
          FUNCTION_REFERENCE 'private final fun ComposableResultEffect$lambda$0 ($navController: androidx.navigation.NavController): androidx.compose.runtime.MutableState<androidx.navigation.NavDestination?> declared in com.jarvis.core.navigation.ResultSharingKt' type=kotlin.Function0<androidx.compose.runtime.MutableState<androidx.navigation.NavDestination?>> origin=INLINE_LAMBDA reflectionTarget=null
            $navController: GET_VAR 'navController: androidx.navigation.NavController declared in com.jarvis.core.navigation.ResultSharingKt.ComposableResultEffect' type=androidx.navigation.NavController origin=null
    VAR name:currentDestination type:androidx.navigation.NavDestination? [val]
      CALL 'public abstract fun <get-value> (): T of androidx.compose.runtime.MutableState declared in androidx.compose.runtime.MutableState' type=androidx.navigation.NavDestination? origin=GET_PROPERTY
        $this: GET_VAR 'val currentDestinationState: androidx.compose.runtime.MutableState<androidx.navigation.NavDestination?> [val] declared in com.jarvis.core.navigation.ResultSharingKt.ComposableResultEffect' type=androidx.compose.runtime.MutableState<androidx.navigation.NavDestination?> origin=null
    WHEN type=kotlin.Unit origin=IF
      BRANCH
        if: CALL 'public final fun EQEQ (arg0: kotlin.Any?, arg1: kotlin.Any?): kotlin.Boolean declared in kotlin.internal.ir' type=kotlin.Boolean origin=EQEQ
          arg0: GET_VAR 'val currentDestination: androidx.navigation.NavDestination? [val] declared in com.jarvis.core.navigation.ResultSharingKt.ComposableResultEffect' type=androidx.navigation.NavDestination? origin=null
          arg1: CONST Null type=kotlin.Nothing? value=null
        then: BLOCK type=kotlin.Unit origin=null
          CALL 'public final fun LaunchedEffect (key1: kotlin.Any?, block: @[ExtensionFunctionType] kotlin.coroutines.SuspendFunction1<kotlinx.coroutines.CoroutineScope, kotlin.Unit>): kotlin.Unit declared in androidx.compose.runtime.EffectsKt' type=kotlin.Unit origin=null
            key1: GET_VAR 'navController: androidx.navigation.NavController declared in com.jarvis.core.navigation.ResultSharingKt.ComposableResultEffect' type=androidx.navigation.NavController origin=null
            block: BLOCK type=com.jarvis.core.navigation.ResultSharingKt.ComposableResultEffect.<no name provided> origin=null
              CLASS SUSPEND_LAMBDA CLASS name:<no name provided> modality:FINAL visibility:public superTypes:[kotlin.coroutines.jvm.internal.SuspendLambda; kotlin.jvm.functions.Function2<kotlinx.coroutines.CoroutineScope, kotlin.coroutines.Continuation<kotlin.Unit>?, kotlin.Any?>]
                $this: VALUE_PARAMETER INSTANCE_RECEIVER name:<this> type:com.jarvis.core.navigation.ResultSharingKt.ComposableResultEffect.<no name provided>
                FIELD name:label type:kotlin.Int visibility:public/*package*/
                CONSTRUCTOR SUSPEND_LAMBDA visibility:public <> ($navController:androidx.navigation.NavController, $currentDestinationState:androidx.compose.runtime.MutableState<androidx.navigation.NavDestination?>, $completion:kotlin.coroutines.Continuation<com.jarvis.core.navigation.ResultSharingKt.ComposableResultEffect.<no name provided>>?) returnType:com.jarvis.core.navigation.ResultSharingKt.ComposableResultEffect.<no name provided> [primary]
                  VALUE_PARAMETER BOUND_VALUE_PARAMETER name:$navController index:0 type:androidx.navigation.NavController
                  VALUE_PARAMETER BOUND_VALUE_PARAMETER name:$currentDestinationState index:1 type:androidx.compose.runtime.MutableState<androidx.navigation.NavDestination?>
                  VALUE_PARAMETER name:$completion index:2 type:kotlin.coroutines.Continuation<com.jarvis.core.navigation.ResultSharingKt.ComposableResultEffect.<no name provided>>?
                  BLOCK_BODY
                    SET_FIELD 'FIELD FIELD_FOR_CAPTURED_VALUE name:$navController type:androidx.navigation.NavController visibility:public/*package*/ [final] declared in com.jarvis.core.navigation.ResultSharingKt.ComposableResultEffect.<no name provided>' type=kotlin.Unit origin=INITIALIZER_OF_FIELD_FOR_CAPTURED_VALUE
                      receiver: GET_VAR '<this>: com.jarvis.core.navigation.ResultSharingKt.ComposableResultEffect.<no name provided> declared in com.jarvis.core.navigation.ResultSharingKt.ComposableResultEffect.<no name provided>' type=com.jarvis.core.navigation.ResultSharingKt.ComposableResultEffect.<no name provided> origin=null
                      value: GET_VAR '$navController: androidx.navigation.NavController declared in com.jarvis.core.navigation.ResultSharingKt.ComposableResultEffect.<no name provided>.<init>' type=androidx.navigation.NavController origin=null
                    SET_FIELD 'FIELD FIELD_FOR_CAPTURED_VALUE name:$currentDestinationState type:androidx.compose.runtime.MutableState<androidx.navigation.NavDestination?> visibility:public/*package*/ [final] declared in com.jarvis.core.navigation.ResultSharingKt.ComposableResultEffect.<no name provided>' type=kotlin.Unit origin=INITIALIZER_OF_FIELD_FOR_CAPTURED_VALUE
                      receiver: GET_VAR '<this>: com.jarvis.core.navigation.ResultSharingKt.ComposableResultEffect.<no name provided> declared in com.jarvis.core.navigation.ResultSharingKt.ComposableResultEffect.<no name provided>' type=com.jarvis.core.navigation.ResultSharingKt.ComposableResultEffect.<no name provided> origin=null
                      value: GET_VAR '$currentDestinationState: androidx.compose.runtime.MutableState<androidx.navigation.NavDestination?> declared in com.jarvis.core.navigation.ResultSharingKt.ComposableResultEffect.<no name provided>.<init>' type=androidx.compose.runtime.MutableState<androidx.navigation.NavDestination?> origin=null
                    DELEGATING_CONSTRUCTOR_CALL 'public constructor <init> (arity: kotlin.Int, $completion: kotlin.coroutines.Continuation<kotlin.Any?>?) declared in kotlin.coroutines.jvm.internal.SuspendLambda'
                      arity: CONST Int type=kotlin.Int value=2
                      $completion: GET_VAR '$completion: kotlin.coroutines.Continuation<com.jarvis.core.navigation.ResultSharingKt.ComposableResultEffect.<no name provided>>? declared in com.jarvis.core.navigation.ResultSharingKt.ComposableResultEffect.<no name provided>.<init>' type=kotlin.coroutines.Continuation<com.jarvis.core.navigation.ResultSharingKt.ComposableResultEffect.<no name provided>>? origin=null
                    BLOCK type=kotlin.Unit origin=null
                FUN name:invokeSuspend visibility:public modality:FINAL <> ($this:com.jarvis.core.navigation.ResultSharingKt.ComposableResultEffect.<no name provided>, $result:kotlin.Result<kotlin.Any?>) returnType:kotlin.Any?
                  overridden:
                    protected abstract fun invokeSuspend ($result: kotlin.Result<kotlin.Any?>): kotlin.Any? declared in kotlin.coroutines.jvm.internal.SuspendLambda
                  $this: VALUE_PARAMETER INSTANCE_RECEIVER name:<this> type:com.jarvis.core.navigation.ResultSharingKt.ComposableResultEffect.<no name provided>
                  VALUE_PARAMETER name:$result index:0 type:kotlin.Result<kotlin.Any?>
                  BLOCK_BODY
                    VAR name:currentBackStackEntry type:androidx.navigation.NavBackStackEntry [val]
                      CALL 'public final fun first <T> ($completion: kotlin.coroutines.Continuation<T of kotlinx.coroutines.flow.FlowKt.first>): kotlin.Any? [suspend] declared in kotlinx.coroutines.flow.FlowKt' type=androidx.navigation.NavBackStackEntry origin=null
                        <T>: androidx.navigation.NavBackStackEntry
                        $receiver: CALL 'public final fun filterNotNull <T> (): kotlinx.coroutines.flow.Flow<T of kotlinx.coroutines.flow.FlowKt.filterNotNull> declared in kotlinx.coroutines.flow.FlowKt' type=kotlinx.coroutines.flow.Flow<androidx.navigation.NavBackStackEntry> origin=null
                          <T>: androidx.navigation.NavBackStackEntry
                          $receiver: CALL 'public final fun <get-currentBackStackEntryFlow> (): kotlinx.coroutines.flow.Flow<androidx.navigation.NavBackStackEntry> declared in androidx.navigation.NavController' type=kotlinx.coroutines.flow.Flow<androidx.navigation.NavBackStackEntry> origin=GET_PROPERTY
                            $this: GET_FIELD 'FIELD FIELD_FOR_CAPTURED_VALUE name:$navController type:androidx.navigation.NavController visibility:public/*package*/ [final] declared in com.jarvis.core.navigation.ResultSharingKt.ComposableResultEffect.<no name provided>' type=androidx.navigation.NavController origin=null
                              receiver: GET_VAR '<this>: com.jarvis.core.navigation.ResultSharingKt.ComposableResultEffect.<no name provided> declared in com.jarvis.core.navigation.ResultSharingKt.ComposableResultEffect.<no name provided>.invokeSuspend' type=com.jarvis.core.navigation.ResultSharingKt.ComposableResultEffect.<no name provided> origin=null
                        $completion: GET_VAR '<this>: com.jarvis.core.navigation.ResultSharingKt.ComposableResultEffect.<no name provided> declared in com.jarvis.core.navigation.ResultSharingKt.ComposableResultEffect.<no name provided>.invokeSuspend' type=com.jarvis.core.navigation.ResultSharingKt.ComposableResultEffect.<no name provided> origin=null
                    CALL 'public abstract fun <set-value> (value: T of androidx.compose.runtime.MutableState): kotlin.Unit declared in androidx.compose.runtime.MutableState' type=kotlin.Unit origin=EQ
                      $this: GET_FIELD 'FIELD FIELD_FOR_CAPTURED_VALUE name:$currentDestinationState type:androidx.compose.runtime.MutableState<androidx.navigation.NavDestination?> visibility:public/*package*/ [final] declared in com.jarvis.core.navigation.ResultSharingKt.ComposableResultEffect.<no name provided>' type=androidx.compose.runtime.MutableState<androidx.navigation.NavDestination?> origin=null
                        receiver: GET_VAR '<this>: com.jarvis.core.navigation.ResultSharingKt.ComposableResultEffect.<no name provided> declared in com.jarvis.core.navigation.ResultSharingKt.ComposableResultEffect.<no name provided>.invokeSuspend' type=com.jarvis.core.navigation.ResultSharingKt.ComposableResultEffect.<no name provided> origin=null
                      value: CALL 'public final fun <get-destination> (): androidx.navigation.NavDestination declared in androidx.navigation.NavBackStackEntry' type=androidx.navigation.NavDestination origin=GET_PROPERTY
                        $this: GET_VAR 'val currentBackStackEntry: androidx.navigation.NavBackStackEntry [val] declared in com.jarvis.core.navigation.ResultSharingKt.ComposableResultEffect.<no name provided>.invokeSuspend' type=androidx.navigation.NavBackStackEntry origin=null
                FUN name:create visibility:public modality:FINAL <> ($this:com.jarvis.core.navigation.ResultSharingKt.ComposableResultEffect.<no name provided>, value:kotlin.Any?, $completion:kotlin.coroutines.Continuation<kotlin.Nothing>) returnType:kotlin.coroutines.Continuation<kotlin.Unit>
                  overridden:
                    public open fun create (value: kotlin.Any?, $completion: kotlin.coroutines.Continuation<kotlin.Nothing>): kotlin.coroutines.Continuation<kotlin.Unit> declared in kotlin.coroutines.jvm.internal.SuspendLambda
                  $this: VALUE_PARAMETER INSTANCE_RECEIVER name:<this> type:com.jarvis.core.navigation.ResultSharingKt.ComposableResultEffect.<no name provided>
                  VALUE_PARAMETER name:value index:0 type:kotlin.Any?
                  VALUE_PARAMETER name:$completion index:1 type:kotlin.coroutines.Continuation<kotlin.Nothing>
                  BLOCK_BODY
                    RETURN type=kotlin.Nothing from='public final fun create (value: kotlin.Any?, $completion: kotlin.coroutines.Continuation<kotlin.Nothing>): kotlin.coroutines.Continuation<kotlin.Unit> declared in com.jarvis.core.navigation.ResultSharingKt.ComposableResultEffect.<no name provided>'
                      CONSTRUCTOR_CALL 'public constructor <init> ($navController: androidx.navigation.NavController, $currentDestinationState: androidx.compose.runtime.MutableState<androidx.navigation.NavDestination?>, $completion: kotlin.coroutines.Continuation<com.jarvis.core.navigation.ResultSharingKt.ComposableResultEffect.<no name provided>>?) [primary] declared in com.jarvis.core.navigation.ResultSharingKt.ComposableResultEffect.<no name provided>' type=com.jarvis.core.navigation.ResultSharingKt.ComposableResultEffect.<no name provided> origin=null
                        $navController: GET_FIELD 'FIELD FIELD_FOR_CAPTURED_VALUE name:$navController type:androidx.navigation.NavController visibility:public/*package*/ [final] declared in com.jarvis.core.navigation.ResultSharingKt.ComposableResultEffect.<no name provided>' type=androidx.navigation.NavController origin=null
                          receiver: GET_VAR '<this>: com.jarvis.core.navigation.ResultSharingKt.ComposableResultEffect.<no name provided> declared in com.jarvis.core.navigation.ResultSharingKt.ComposableResultEffect.<no name provided>.create' type=com.jarvis.core.navigation.ResultSharingKt.ComposableResultEffect.<no name provided> origin=null
                        $currentDestinationState: GET_FIELD 'FIELD FIELD_FOR_CAPTURED_VALUE name:$currentDestinationState type:androidx.compose.runtime.MutableState<androidx.navigation.NavDestination?> visibility:public/*package*/ [final] declared in com.jarvis.core.navigation.ResultSharingKt.ComposableResultEffect.<no name provided>' type=androidx.compose.runtime.MutableState<androidx.navigation.NavDestination?> origin=null
                          receiver: GET_VAR '<this>: com.jarvis.core.navigation.ResultSharingKt.ComposableResultEffect.<no name provided> declared in com.jarvis.core.navigation.ResultSharingKt.ComposableResultEffect.<no name provided>.create' type=com.jarvis.core.navigation.ResultSharingKt.ComposableResultEffect.<no name provided> origin=null
                        $completion: GET_VAR '$completion: kotlin.coroutines.Continuation<kotlin.Nothing> declared in com.jarvis.core.navigation.ResultSharingKt.ComposableResultEffect.<no name provided>.create' type=kotlin.coroutines.Continuation<kotlin.Nothing> origin=null
                FUN name:invoke visibility:public modality:FINAL <> ($this:com.jarvis.core.navigation.ResultSharingKt.ComposableResultEffect.<no name provided>, p1:kotlinx.coroutines.CoroutineScope, p2:kotlin.coroutines.Continuation<kotlin.Unit>?) returnType:kotlin.Any?
                  overridden:
                    public abstract fun invoke (p1: P1 of kotlin.jvm.functions.Function2, p2: P2 of kotlin.jvm.functions.Function2): R of kotlin.jvm.functions.Function2 declared in kotlin.jvm.functions.Function2
                  $this: VALUE_PARAMETER INSTANCE_RECEIVER name:<this> type:com.jarvis.core.navigation.ResultSharingKt.ComposableResultEffect.<no name provided>
                  VALUE_PARAMETER name:p1 index:0 type:kotlinx.coroutines.CoroutineScope
                  VALUE_PARAMETER name:p2 index:1 type:kotlin.coroutines.Continuation<kotlin.Unit>?
                  BLOCK_BODY
                    RETURN type=kotlin.Nothing from='public final fun invoke (p1: kotlinx.coroutines.CoroutineScope, p2: kotlin.coroutines.Continuation<kotlin.Unit>?): kotlin.Any? declared in com.jarvis.core.navigation.ResultSharingKt.ComposableResultEffect.<no name provided>'
                      CALL 'public final fun invokeSuspend ($result: kotlin.Result<kotlin.Any?>): kotlin.Any? declared in com.jarvis.core.navigation.ResultSharingKt.ComposableResultEffect.<no name provided>' type=kotlin.Any? origin=null
                        $this: TYPE_OP type=com.jarvis.core.navigation.ResultSharingKt.ComposableResultEffect.<no name provided> origin=IMPLICIT_CAST typeOperand=com.jarvis.core.navigation.ResultSharingKt.ComposableResultEffect.<no name provided>
                          CALL 'public final fun create (value: kotlin.Any?, $completion: kotlin.coroutines.Continuation<kotlin.Nothing>): kotlin.coroutines.Continuation<kotlin.Unit> declared in com.jarvis.core.navigation.ResultSharingKt.ComposableResultEffect.<no name provided>' type=kotlin.coroutines.Continuation<kotlin.Unit> origin=null
                            $this: GET_VAR '<this>: com.jarvis.core.navigation.ResultSharingKt.ComposableResultEffect.<no name provided> declared in com.jarvis.core.navigation.ResultSharingKt.ComposableResultEffect.<no name provided>.invoke' type=com.jarvis.core.navigation.ResultSharingKt.ComposableResultEffect.<no name provided> origin=null
                            value: GET_VAR 'p1: kotlinx.coroutines.CoroutineScope declared in com.jarvis.core.navigation.ResultSharingKt.ComposableResultEffect.<no name provided>.invoke' type=kotlinx.coroutines.CoroutineScope origin=null
                            $completion: GET_VAR 'p2: kotlin.coroutines.Continuation<kotlin.Unit>? declared in com.jarvis.core.navigation.ResultSharingKt.ComposableResultEffect.<no name provided>.invoke' type=kotlin.coroutines.Continuation<kotlin.Unit>? origin=null
                        $result: CALL 'public final fun <unsafe-coerce> <T, R> (v: T of kotlin.jvm.internal.<unsafe-coerce>): R of kotlin.jvm.internal.<unsafe-coerce> declared in kotlin.jvm.internal' type=kotlin.Result<kotlin.Any?> origin=null
                          <T>: kotlin.Any?
                          <R>: kotlin.Result<kotlin.Any?>
                          v: GET_FIELD 'FIELD FIELD_FOR_OBJECT_INSTANCE name:INSTANCE type:kotlin.Unit visibility:public [final,static] declared in kotlin.Unit' type=kotlin.Unit origin=null
                FIELD FIELD_FOR_CAPTURED_VALUE name:$navController type:androidx.navigation.NavController visibility:public/*package*/ [final]
                FIELD FIELD_FOR_CAPTURED_VALUE name:$currentDestinationState type:androidx.compose.runtime.MutableState<androidx.navigation.NavDestination?> visibility:public/*package*/ [final]
                FUN BRIDGE name:invoke visibility:public modality:OPEN <> ($this:com.jarvis.core.navigation.ResultSharingKt.ComposableResultEffect.<no name provided>, p1:kotlin.Any?, p2:kotlin.Any?) returnType:kotlin.Any?
                  $this: VALUE_PARAMETER INSTANCE_RECEIVER name:<this> type:com.jarvis.core.navigation.ResultSharingKt.ComposableResultEffect.<no name provided>
                  VALUE_PARAMETER BRIDGE name:p1 index:0 type:kotlin.Any?
                  VALUE_PARAMETER BRIDGE name:p2 index:1 type:kotlin.Any?
                  EXPRESSION_BODY
                    RETURN type=kotlin.Nothing from='public open fun invoke (p1: kotlin.Any?, p2: kotlin.Any?): kotlin.Any? declared in com.jarvis.core.navigation.ResultSharingKt.ComposableResultEffect.<no name provided>'
                      CALL 'public final fun invoke (p1: kotlinx.coroutines.CoroutineScope, p2: kotlin.coroutines.Continuation<kotlin.Unit>?): kotlin.Any? declared in com.jarvis.core.navigation.ResultSharingKt.ComposableResultEffect.<no name provided>' type=kotlin.Any? origin=BRIDGE_DELEGATION
                        $this: GET_VAR '<this>: com.jarvis.core.navigation.ResultSharingKt.ComposableResultEffect.<no name provided> declared in com.jarvis.core.navigation.ResultSharingKt.ComposableResultEffect.<no name provided>.invoke' type=com.jarvis.core.navigation.ResultSharingKt.ComposableResultEffect.<no name provided> origin=null
                        p1: TYPE_OP type=kotlinx.coroutines.CoroutineScope origin=IMPLICIT_CAST typeOperand=kotlinx.coroutines.CoroutineScope
                          GET_VAR 'p1: kotlin.Any? declared in com.jarvis.core.navigation.ResultSharingKt.ComposableResultEffect.<no name provided>.invoke' type=kotlin.Any? origin=null
                        p2: TYPE_OP type=kotlin.coroutines.Continuation<*> origin=IMPLICIT_CAST typeOperand=kotlin.coroutines.Continuation<*>
                          GET_VAR 'p2: kotlin.Any? declared in com.jarvis.core.navigation.ResultSharingKt.ComposableResultEffect.<no name provided>.invoke' type=kotlin.Any? origin=null
              CONSTRUCTOR_CALL 'public constructor <init> ($navController: androidx.navigation.NavController, $currentDestinationState: androidx.compose.runtime.MutableState<androidx.navigation.NavDestination?>, $completion: kotlin.coroutines.Continuation<com.jarvis.core.navigation.ResultSharingKt.ComposableResultEffect.<no name provided>>?) [primary] declared in com.jarvis.core.navigation.ResultSharingKt.ComposableResultEffect.<no name provided>' type=com.jarvis.core.navigation.ResultSharingKt.ComposableResultEffect.<no name provided> origin=null
                $navController: GET_VAR 'navController: androidx.navigation.NavController declared in com.jarvis.core.navigation.ResultSharingKt.ComposableResultEffect' type=androidx.navigation.NavController origin=null
                $currentDestinationState: GET_VAR 'val currentDestinationState: androidx.compose.runtime.MutableState<androidx.navigation.NavDestination?> [val] declared in com.jarvis.core.navigation.ResultSharingKt.ComposableResultEffect' type=androidx.compose.runtime.MutableState<androidx.navigation.NavDestination?> origin=null
                $completion: CONST Null type=kotlin.Nothing? value=null
          RETURN type=kotlin.Nothing from='public final fun ComposableResultEffect <R> (navController: androidx.navigation.NavController, block: kotlin.Function1<R of com.jarvis.core.navigation.ResultSharingKt.ComposableResultEffect, kotlin.Unit>): kotlin.Unit [inline] declared in com.jarvis.core.navigation.ResultSharingKt'
            GET_FIELD 'FIELD FIELD_FOR_OBJECT_INSTANCE name:INSTANCE type:kotlin.Unit visibility:public [final,static] declared in kotlin.Unit' type=kotlin.Unit origin=null
    CALL 'internal final fun ResultEffectImpl <R> (navController: androidx.navigation.NavController, currentRoute: kotlin.String, resultSerializer: kotlinx.serialization.KSerializer<R of com.jarvis.core.navigation.ResultSharingKt.ResultEffectImpl>, block: kotlin.Function1<R of com.jarvis.core.navigation.ResultSharingKt.ResultEffectImpl, kotlin.Unit>): kotlin.Unit declared in com.jarvis.core.navigation.ResultSharingKt' type=kotlin.Unit origin=null
      <R>: R of com.jarvis.core.navigation.ResultSharingKt.ComposableResultEffect
      navController: GET_VAR 'navController: androidx.navigation.NavController declared in com.jarvis.core.navigation.ResultSharingKt.ComposableResultEffect' type=androidx.navigation.NavController origin=null
      currentRoute: CALL 'public final fun CHECK_NOT_NULL <T0> (arg0: T0 of kotlin.internal.ir.CHECK_NOT_NULL?): {T0 of kotlin.internal.ir.CHECK_NOT_NULL & Any} declared in kotlin.internal.ir' type=kotlin.String origin=EXCLEXCL
        <T0>: kotlin.String
        arg0: CALL 'public final fun <get-route> (): kotlin.String? declared in androidx.navigation.NavDestination' type=kotlin.String? origin=GET_PROPERTY
          $this: GET_VAR 'val currentDestination: androidx.navigation.NavDestination? [val] declared in com.jarvis.core.navigation.ResultSharingKt.ComposableResultEffect' type=androidx.navigation.NavDestination? origin=null
      resultSerializer: CALL 'public final fun serializer <T> (): kotlinx.serialization.KSerializer<T of kotlinx.serialization.SerializersKt.serializer> [inline] declared in kotlinx.serialization.SerializersKt' type=kotlinx.serialization.KSerializer<R of com.jarvis.core.navigation.ResultSharingKt.ComposableResultEffect> origin=null
        <T>: R of com.jarvis.core.navigation.ResultSharingKt.ComposableResultEffect
      block: GET_VAR 'block: kotlin.Function1<R of com.jarvis.core.navigation.ResultSharingKt.ComposableResultEffect, kotlin.Unit> [noinline] declared in com.jarvis.core.navigation.ResultSharingKt.ComposableResultEffect' type=kotlin.Function1<R of com.jarvis.core.navigation.ResultSharingKt.ComposableResultEffect, kotlin.Unit> origin=null

	at org.jetbrains.kotlin.backend.jvm.codegen.FunctionCodegen.generate(FunctionCodegen.kt:47)
	at org.jetbrains.kotlin.backend.jvm.codegen.FunctionCodegen.generate$default(FunctionCodegen.kt:40)
	at org.jetbrains.kotlin.backend.jvm.codegen.ClassCodegen.generateMethodNode(ClassCodegen.kt:412)
	at org.jetbrains.kotlin.backend.jvm.codegen.ClassCodegen.generateMethod(ClassCodegen.kt:423)
	at org.jetbrains.kotlin.backend.jvm.codegen.ClassCodegen.generate(ClassCodegen.kt:168)
	at org.jetbrains.kotlin.backend.jvm.FileCodegen.lower(JvmPhases.kt:39)
	at org.jetbrains.kotlin.backend.common.phaser.PhaseFactoriesKt.createFilePhase$lambda$4(PhaseFactories.kt:71)
	at org.jetbrains.kotlin.backend.common.phaser.PhaseBuildersKt$createSimpleNamedCompilerPhase$1.phaseBody(PhaseBuilders.kt:69)
	at org.jetbrains.kotlin.backend.common.phaser.SimpleNamedCompilerPhase.phaseBody(CompilerPhase.kt:226)
	at org.jetbrains.kotlin.backend.common.phaser.AbstractNamedCompilerPhase.invoke(CompilerPhase.kt:113)
	at org.jetbrains.kotlin.backend.common.phaser.PerformByIrFilePhase.invokeSequential(performByIrFile.kt:62)
	... 45 more
Caused by: org.jetbrains.kotlin.codegen.CompilationException: Back-end (JVM) Internal error: Couldn't inline method call: CALL 'public final fun remember <T> (key1: kotlin.Any?, calculation: @[DisallowComposableCalls] kotlin.Function0<T of androidx.compose.runtime.ComposablesKt.remember>): T of androidx.compose.runtime.ComposablesKt.remember [inline] declared in androidx.compose.runtime.ComposablesKt' type=androidx.compose.runtime.MutableState<androidx.navigation.NavDestination?> origin=null
Method: null
File is unknown
The root cause java.lang.IllegalStateException was thrown at: org.jetbrains.kotlin.codegen.inline.SourceCompilerForInlineKt.getMethodNode(SourceCompilerForInline.kt:118)
	at org.jetbrains.kotlin.codegen.inline.InlineCodegen.performInline(InlineCodegen.kt:65)
	at org.jetbrains.kotlin.backend.jvm.codegen.IrInlineCodegen.genInlineCall(IrInlineCodegen.kt:163)
	at org.jetbrains.kotlin.backend.jvm.codegen.IrInlineCallGenerator.genCall(IrInlineCallGenerator.kt:36)
	at org.jetbrains.kotlin.backend.jvm.codegen.ExpressionCodegen.visitCall(ExpressionCodegen.kt:653)
	at org.jetbrains.kotlin.backend.jvm.codegen.ExpressionCodegen.visitCall(ExpressionCodegen.kt:138)
	at org.jetbrains.kotlin.ir.expressions.IrCall.accept(IrCall.kt:24)
	at org.jetbrains.kotlin.backend.jvm.codegen.ExpressionCodegen.visitVariable(ExpressionCodegen.kt:790)
	at org.jetbrains.kotlin.backend.jvm.codegen.ExpressionCodegen.visitVariable(ExpressionCodegen.kt:138)
	at org.jetbrains.kotlin.ir.declarations.IrVariable.accept(IrVariable.kt:36)
	at org.jetbrains.kotlin.backend.jvm.codegen.ExpressionCodegen.visitStatementContainer(ExpressionCodegen.kt:579)
	at org.jetbrains.kotlin.backend.jvm.codegen.ExpressionCodegen.visitBlockBody(ExpressionCodegen.kt:584)
	at org.jetbrains.kotlin.backend.jvm.codegen.ExpressionCodegen.visitBlockBody(ExpressionCodegen.kt:138)
	at org.jetbrains.kotlin.ir.expressions.IrBlockBody.accept(IrBlockBody.kt:20)
	at org.jetbrains.kotlin.backend.jvm.codegen.ExpressionCodegen.generate(ExpressionCodegen.kt:240)
	at org.jetbrains.kotlin.backend.jvm.codegen.FunctionCodegen.doGenerate(FunctionCodegen.kt:123)
	at org.jetbrains.kotlin.backend.jvm.codegen.FunctionCodegen.generate(FunctionCodegen.kt:44)
	... 55 more
Caused by: java.lang.IllegalStateException: couldn't find inline method Landroidx/compose/runtime/ComposablesKt;.remember(Ljava/lang/Object;Lkotlin/jvm/functions/Function0;)Ljava/lang/Object;
	at org.jetbrains.kotlin.codegen.inline.SourceCompilerForInlineKt.getMethodNode(SourceCompilerForInline.kt:118)
	at org.jetbrains.kotlin.codegen.inline.SourceCompilerForInlineKt.loadCompiledInlineFunction(SourceCompilerForInline.kt:96)
	at org.jetbrains.kotlin.backend.jvm.codegen.IrSourceCompilerForInline.compileInlineFunction(IrSourceCompilerForInline.kt:91)
	at org.jetbrains.kotlin.codegen.inline.InlineCodegen.compileInline(InlineCodegen.kt:43)
	at org.jetbrains.kotlin.codegen.inline.InlineCodegen.performInline(InlineCodegen.kt:51)
	... 70 more


